
  Task
--------------------
task_time:    2019-04-07 15:23:29.128745
grid_file:    melbGrid.json
twitter_file: bigTwitter.json
node_num:     8


  Result
--------------------
C2: 145096 posts (('melbourne', 9764), ('australia', 1498), ('job', 1388), ('jobs', 964), ('job:', 501))
B2: 79633 posts (('melbourne', 813), ('australia', 153), ('auspol', 130), ('brunswick', 93), ('fitzroy', 85))
C3: 53299 posts (('melbourne', 465), ('australia', 140), ('coffee', 100), ('oneorigin_specialtycoffee', 71), ('food', 67))
B3: 26550 posts (('melbourne', 159), ('australia', 60), ('fitness', 53), ('pocus', 50), ('fashion', 41))
C4: 19699 posts (('alishas1million', 96), ('melbourne', 80), ('auspol', 49), ('kca', 43), ('savedallas', 42))
B1: 16507 posts (('melbourne', 170), ('kca', 69), ('australia', 56), ('bds', 49), ('vote5sos', 43))
D4: 14497 posts (('nowplaying', 1730), ('melbourne', 28), ('dandenong.', 27), ('job', 26), ('jobs', 22))
D3: 13388 posts (('melbourne', 76), ('beach', 56), ('summer', 26), ('australia', 23), ('followmenash', 21))
C1: 8427 posts (('melbourne', 50), ('lifeofnash', 43), ('3daysforexpelledmovie', 40), ('askbeau\ntweet', 33), ('lfc', 31))
B4: 5450 posts (('melbourne', 32), ('smallzywelcomeshome5sos', 26), ('fire', 19), ('vicfires', 19), ('socialmedia', 18), ('warrandyte', 14))
A3: 5036 posts (('vicfires', 19), ('saveconstantine', 12), ('epping.', 11), ('raw', 7), ('love', 7), ('southmorang.', 7), ('mvfc', 7), ('socceroos', 6))
A2: 4165 posts (('krazykristmas', 165), ('egsholidaygiveaway', 57), ('rcl1milliongiveaway', 53), ('vdaywithbeth', 37), ('craigieburn.', 31), ('egholidaygiveaway', 31))
C5: 4106 posts (('melbourne', 53), ('australia', 17), ('dandenongs', 13), ('1000steps', 11), ('spring', 10), ('travel', 10))
D5: 3248 posts (('cat,', 25), ('somebodytocon', 23), ('melbourne', 22), ('lost', 20), ('voteukvampettes', 18))
A1: 2533 posts (('tattoo', 11), ('melbourne', 11), ('worldjudo2014', 9), ('judo', 8), ('vobis', 8), ('drawing', 8), ('design', 8), ('bigbrother', 6), ('bbau', 6), ('tattoolife', 6), ('life', 5), ('tattooist', 5))
A4: 310 posts (('lnp', 4), ('qldvotes', 3), ('vicfires', 3), ('market', 2), ('community', 2), ('birthday', 2), ('mytribe', 2), ('joy', 2), ('laughterclass', 2), ('commgames', 1), ('jaffles.', 1), ('labwet', 1), ('labfun', 1), ('labswim', 1), ('labiam', 1), ('fromwhereiride', 1), ('win', 1), ('icebucketchallenge', 1), ('herbalife', 1), ('loseweight', 1), ('steamtrain', 1), ('high', 1), ('intensity', 1), ('ball', 1), ('fast', 1), ('comon', 1), ('victoria…', 1), ('igersmelbourne', 1), ('igersdaily', 1), ('igers', 1), ('vsco', 1), ('hawthorn', 1), ('do', 1), ('always', 1), ('paddocktoplate', 1), ('getaway', 1), ('standrews', 1), ('vicvotes', 1), ('fisher.', 1), ('vce', 1), ('classof2014', 1), ('cycling', 1), ('sbs가요대전', 1), ('smashit', 1), ('kriskringle', 1), ('incident,', 1), ('fringies', 1), ('craftbeer.', 1), ('qldelection?', 1), ('screecher', 1), ('ausopen?', 1), ('socceroos,watch', 1), ('auspol', 1), ('libspill', 1), ('lnp,', 1), ('labour', 1), ('win!', 1), ('goingdownswinging', 1), ('whitenightmelb', 1), ('good', 1), ('operation', 1), ('speedy', 1), ('bachiewood', 1), ('healing', 1), ('guitar', 1), ('buskin', 1), ('melbourne', 1), ('🚴🏻💥', 1), ('banter💯', 1), ('earlyaf', 1), ('hurstbridge', 1), ('lovinglifeinaus…', 1), ('wellspent', 1), ('jan1st', 1), ('happiness', 1), ('inclusion…', 1), ('acceptance…', 1), ('inclusion', 1), ('diversity', 1), ('australia', 1), ('ilovewinter', 1), ('winter', 1), ('rainyevening', 1), ('nature', 1), ('australianbush', 1), ('beautyeverywhere…', 1))

  Timer
--------------------
Stage 1  is executed in 48.15038 seconds
Stage 2a is executed in 0.04339 seconds
Stage 2b is executed in 0.00116 seconds
Stage 3  is executed in 0.01493 seconds
Total execution time is 48.20985 seconds

real	0m48.596s
user	0m0.014s
sys	0m0.027s
